Using pre-set license
Built from '2020.3/staging' branch; Version is '2020.3.10f1 (297d780c91bc) revision 2719096'; Using compiler version '192528614'; Build Type 'Release'
OS: 'Windows 10 Home; OS build 19042.1165; Version 2009; 64bit' Language: 'ko' Physical Memory: 24250 MB
BatchMode: 1, IsHumanControllingUs: 0, StartBugReporterOnCrash: 0, Is64bit: 1, IsPro: 0

 COMMAND LINE ARGUMENTS:
C:\Program Files\Unity\Hub\Editor\2020.3.10f1\Editor\Unity.exe
-adb2
-batchMode
-noUpm
-name
AssetImportWorker0
-projectPath
C:/Users/xoqls/OneDrive/바탕 화면/J-pie/유니티/Olympics/Bicycle
-logFile
Logs/AssetImportWorker0.log
-srvPort
65410
Successfully changed project path to: C:/Users/xoqls/OneDrive/바탕 화면/J-pie/유니티/Olympics/Bicycle
C:/Users/xoqls/OneDrive/바탕 화면/J-pie/유니티/Olympics/Bicycle
Using Asset Import Pipeline V2.
Refreshing native plugins compatible for Editor in 129.95 ms, found 2 plugins.
Preloading 0 native plugins for Editor in 0.00 ms.
Initialize engine version: 2020.3.10f1 (297d780c91bc)
[Subsystems] Discovering subsystems at path C:/Program Files/Unity/Hub/Editor/2020.3.10f1/Editor/Data/Resources/UnitySubsystems
[Subsystems] Discovering subsystems at path C:/Users/xoqls/OneDrive/바탕 화면/J-pie/유니티/Olympics/Bicycle/Assets
GfxDevice: creating device client; threaded=0
Direct3D:
    Version:  Direct3D 11.0 [level 11.1]
    Renderer: Intel(R) Iris(R) Xe Graphics (ID=0x9a49)
    Vendor:   
    VRAM:     12125 MB
    Driver:   27.20.100.9415
Shader 'Universal Render Pipeline/Particles/Lit': fallback shader 'Universal Render Pipeline/Particles/SimpleLit' not found
Initialize mono
Mono path[0] = 'C:/Program Files/Unity/Hub/Editor/2020.3.10f1/Editor/Data/Managed'
Mono path[1] = 'C:/Program Files/Unity/Hub/Editor/2020.3.10f1/Editor/Data/MonoBleedingEdge/lib/mono/unityjit'
Mono config path = 'C:/Program Files/Unity/Hub/Editor/2020.3.10f1/Editor/Data/MonoBleedingEdge/etc'
Using monoOptions --debugger-agent=transport=dt_socket,embedding=1,server=y,suspend=n,address=127.0.0.1:56348
Begin MonoManager ReloadAssembly
Registering precompiled unity dll's ...
Register platform support module: C:/Program Files/Unity/Hub/Editor/2020.3.10f1/Editor/Data/PlaybackEngines/WindowsStandaloneSupport/UnityEditor.WindowsStandalone.Extensions.dll
Registered in 0.005261 seconds.
Native extension for WindowsStandalone target not found
Refreshing native plugins compatible for Editor in 143.49 ms, found 2 plugins.
Preloading 0 native plugins for Editor in 0.00 ms.
Mono: successfully reloaded assembly
- Completed reload, in  2.674 seconds
Platform modules already initialized, skipping
Registering precompiled user dll's ...
Registered in 0.012186 seconds.
Begin MonoManager ReloadAssembly
Native extension for WindowsStandalone target not found
Refreshing native plugins compatible for Editor in 149.59 ms, found 2 plugins.
Preloading 0 native plugins for Editor in 0.00 ms.
Mono: successfully reloaded assembly
- Completed reload, in  2.779 seconds
Platform modules already initialized, skipping
========================================================================
Worker process is ready to serve import requests
Shader 'Universal Render Pipeline/Particles/Lit': fallback shader 'Universal Render Pipeline/Particles/SimpleLit' not found
Launched and connected shader compiler UnityShaderCompiler.exe after 0.10 seconds
Refreshing native plugins compatible for Editor in 0.89 ms, found 2 plugins.
Preloading 0 native plugins for Editor in 0.00 ms.
Unloading 2793 Unused Serialized files (Serialized files now loaded: 0)
System memory in use before: 147.0 MB.
System memory in use after: 147.2 MB.

Unloading 19 unused Assets to reduce memory usage. Loaded Objects now: 3251.
Total: 5.801700 ms (FindLiveObjects: 0.431700 ms CreateObjectMapping: 0.139400 ms MarkObjects: 4.972500 ms  DeleteObjects: 0.254400 ms)

========================================================================
Received Import Request.
  path: Assets/Scripts/Bicycle/Death.cs
  artifactKey: Guid(e0215831451c9134fb26fd3fc1f509cb) Importer(815301076,1909f56bfc062723c751e8b465ee728b)
Start importing Assets/Scripts/Bicycle/Death.cs using Guid(e0215831451c9134fb26fd3fc1f509cb) Importer(815301076,1909f56bfc062723c751e8b465ee728b)  -> (artifact id: '1f785f9a3ada47bf8709ec0b3664067f') in 0.067152 seconds
  Import took 0.076248 seconds .

========================================================================
Received Import Request.
  Time since last request: 2.129376 seconds.
  path: Assets/Scripts/Swim
  artifactKey: Guid(1bdc37aa39aa4364cbfb4e9aa6963131) Importer(815301076,1909f56bfc062723c751e8b465ee728b)
Start importing Assets/Scripts/Swim using Guid(1bdc37aa39aa4364cbfb4e9aa6963131) Importer(815301076,1909f56bfc062723c751e8b465ee728b)  -> (artifact id: '76a5185c01a5356ce8cce4cd03de9eb9') in 0.015444 seconds
  Import took 0.027598 seconds .

========================================================================
Received Import Request.
  Time since last request: 0.000506 seconds.
  path: Assets/Scripts/Swim
  artifactKey: Guid(1bdc37aa39aa4364cbfb4e9aa6963131) Importer(815301076,1909f56bfc062723c751e8b465ee728b)
Start importing Assets/Scripts/Swim using Guid(1bdc37aa39aa4364cbfb4e9aa6963131) Importer(815301076,1909f56bfc062723c751e8b465ee728b)  -> (artifact id: '76a5185c01a5356ce8cce4cd03de9eb9') in 0.008210 seconds
  Import took 0.019604 seconds .

========================================================================
Received Prepare
Registering precompiled user dll's ...
Registered in 0.010944 seconds.
Begin MonoManager ReloadAssembly
Native extension for WindowsStandalone target not found
Refreshing native plugins compatible for Editor in 0.89 ms, found 2 plugins.
Preloading 0 native plugins for Editor in 0.00 ms.
Mono: successfully reloaded assembly
- Completed reload, in  2.324 seconds
Platform modules already initialized, skipping
Script is not up to date after domain reload: guid(4e790ca898b49b84aa4a934610880cad) path("Assets/Scripts/Swim/Player_move.cs") state(2)
Shader 'Universal Render Pipeline/Particles/Lit': fallback shader 'Universal Render Pipeline/Particles/SimpleLit' not found
Refreshing native plugins compatible for Editor in 1.12 ms, found 2 plugins.
Preloading 0 native plugins for Editor in 0.00 ms.
Unloading 2669 Unused Serialized files (Serialized files now loaded: 0)
System memory in use before: 138.5 MB.
System memory in use after: 138.7 MB.

Unloading 14 unused Assets to reduce memory usage. Loaded Objects now: 3254.
Total: 5.185400 ms (FindLiveObjects: 0.390100 ms CreateObjectMapping: 0.172000 ms MarkObjects: 4.544600 ms  DeleteObjects: 0.076200 ms)

========================================================================
Received Prepare
Registering precompiled user dll's ...
Registered in 0.011354 seconds.
Begin MonoManager ReloadAssembly
Native extension for WindowsStandalone target not found
Refreshing native plugins compatible for Editor in 0.88 ms, found 2 plugins.
Preloading 0 native plugins for Editor in 0.00 ms.
Mono: successfully reloaded assembly
- Completed reload, in  2.358 seconds
Platform modules already initialized, skipping
Shader 'Universal Render Pipeline/Particles/Lit': fallback shader 'Universal Render Pipeline/Particles/SimpleLit' not found
Refreshing native plugins compatible for Editor in 1.00 ms, found 2 plugins.
Preloading 0 native plugins for Editor in 0.00 ms.
Unloading 2670 Unused Serialized files (Serialized files now loaded: 0)
System memory in use before: 138.5 MB.
System memory in use after: 138.8 MB.

Unloading 14 unused Assets to reduce memory usage. Loaded Objects now: 3258.
Total: 3.820100 ms (FindLiveObjects: 0.332900 ms CreateObjectMapping: 0.145100 ms MarkObjects: 3.319900 ms  DeleteObjects: 0.020800 ms)

========================================================================
Received Import Request.
  Time since last request: 21.875944 seconds.
  path: Assets/Scripts/Swim/PlayerMove.cs
  artifactKey: Guid(4e790ca898b49b84aa4a934610880cad) Importer(815301076,1909f56bfc062723c751e8b465ee728b)
Start importing Assets/Scripts/Swim/PlayerMove.cs using Guid(4e790ca898b49b84aa4a934610880cad) Importer(815301076,1909f56bfc062723c751e8b465ee728b)  -> (artifact id: 'c43026686b1463b116565dea8925d746') in 0.024253 seconds
  Import took 0.032762 seconds .

========================================================================
Received Prepare
Registering precompiled user dll's ...
Registered in 0.011164 seconds.
Begin MonoManager ReloadAssembly
Native extension for WindowsStandalone target not found
Refreshing native plugins compatible for Editor in 1.59 ms, found 2 plugins.
Preloading 0 native plugins for Editor in 0.00 ms.
Mono: successfully reloaded assembly
- Completed reload, in  2.217 seconds
Platform modules already initialized, skipping
Shader 'Universal Render Pipeline/Particles/Lit': fallback shader 'Universal Render Pipeline/Particles/SimpleLit' not found
Refreshing native plugins compatible for Editor in 0.93 ms, found 2 plugins.
Preloading 0 native plugins for Editor in 0.00 ms.
Unloading 2670 Unused Serialized files (Serialized files now loaded: 0)
System memory in use before: 138.6 MB.
System memory in use after: 138.8 MB.

Unloading 14 unused Assets to reduce memory usage. Loaded Objects now: 3261.
Total: 4.902600 ms (FindLiveObjects: 0.540300 ms CreateObjectMapping: 0.240900 ms MarkObjects: 4.084800 ms  DeleteObjects: 0.034100 ms)

AssetImportWorkerClient::OnTransportError - code=2 error=End of file
