Using pre-set license
Built from '2020.3/staging' branch; Version is '2020.3.10f1 (297d780c91bc) revision 2719096'; Using compiler version '192528614'; Build Type 'Release'
OS: 'Windows 10 Home; OS build 19042.1165; Version 2009; 64bit' Language: 'ko' Physical Memory: 24250 MB
BatchMode: 1, IsHumanControllingUs: 0, StartBugReporterOnCrash: 0, Is64bit: 1, IsPro: 0

 COMMAND LINE ARGUMENTS:
C:\Program Files\Unity\Hub\Editor\2020.3.10f1\Editor\Unity.exe
-adb2
-batchMode
-noUpm
-name
AssetImportWorker0
-projectPath
C:/Users/xoqls/OneDrive/바탕 화면/J-pie/유니티/Bicycle
-logFile
Logs/AssetImportWorker0.log
-srvPort
62705
Successfully changed project path to: C:/Users/xoqls/OneDrive/바탕 화면/J-pie/유니티/Bicycle
C:/Users/xoqls/OneDrive/바탕 화면/J-pie/유니티/Bicycle
Using Asset Import Pipeline V2.
Refreshing native plugins compatible for Editor in 144.79 ms, found 2 plugins.
Preloading 0 native plugins for Editor in 0.00 ms.
Initialize engine version: 2020.3.10f1 (297d780c91bc)
[Subsystems] Discovering subsystems at path C:/Program Files/Unity/Hub/Editor/2020.3.10f1/Editor/Data/Resources/UnitySubsystems
[Subsystems] Discovering subsystems at path C:/Users/xoqls/OneDrive/바탕 화면/J-pie/유니티/Bicycle/Assets
GfxDevice: creating device client; threaded=0
Direct3D:
    Version:  Direct3D 11.0 [level 11.1]
    Renderer: Intel(R) Iris(R) Xe Graphics (ID=0x9a49)
    Vendor:   
    VRAM:     12125 MB
    Driver:   27.20.100.9415
Shader 'Universal Render Pipeline/Particles/Lit': fallback shader 'Universal Render Pipeline/Particles/SimpleLit' not found
Initialize mono
Mono path[0] = 'C:/Program Files/Unity/Hub/Editor/2020.3.10f1/Editor/Data/Managed'
Mono path[1] = 'C:/Program Files/Unity/Hub/Editor/2020.3.10f1/Editor/Data/MonoBleedingEdge/lib/mono/unityjit'
Mono config path = 'C:/Program Files/Unity/Hub/Editor/2020.3.10f1/Editor/Data/MonoBleedingEdge/etc'
Using monoOptions --debugger-agent=transport=dt_socket,embedding=1,server=y,suspend=n,address=127.0.0.1:56436
Begin MonoManager ReloadAssembly
Registering precompiled unity dll's ...
Register platform support module: C:/Program Files/Unity/Hub/Editor/2020.3.10f1/Editor/Data/PlaybackEngines/WindowsStandaloneSupport/UnityEditor.WindowsStandalone.Extensions.dll
Registered in 0.004988 seconds.
Native extension for WindowsStandalone target not found
Refreshing native plugins compatible for Editor in 137.44 ms, found 2 plugins.
Preloading 0 native plugins for Editor in 0.00 ms.
Mono: successfully reloaded assembly
- Completed reload, in  2.660 seconds
Platform modules already initialized, skipping
Registering precompiled user dll's ...
Registered in 0.011110 seconds.
Begin MonoManager ReloadAssembly
Native extension for WindowsStandalone target not found
Refreshing native plugins compatible for Editor in 140.18 ms, found 2 plugins.
Preloading 0 native plugins for Editor in 0.00 ms.
Mono: successfully reloaded assembly
- Completed reload, in  2.858 seconds
Platform modules already initialized, skipping
========================================================================
Worker process is ready to serve import requests
Shader 'Universal Render Pipeline/Particles/Lit': fallback shader 'Universal Render Pipeline/Particles/SimpleLit' not found
Launched and connected shader compiler UnityShaderCompiler.exe after 0.09 seconds
Refreshing native plugins compatible for Editor in 1.61 ms, found 2 plugins.
Preloading 0 native plugins for Editor in 0.00 ms.
Unloading 2789 Unused Serialized files (Serialized files now loaded: 0)
System memory in use before: 144.7 MB.
System memory in use after: 144.9 MB.

Unloading 19 unused Assets to reduce memory usage. Loaded Objects now: 3241.
Total: 6.012500 ms (FindLiveObjects: 0.548000 ms CreateObjectMapping: 0.240400 ms MarkObjects: 5.095500 ms  DeleteObjects: 0.125400 ms)

========================================================================
Received Import Request.
  path: Assets/UniversalRenderPipelineAsset.asset
  artifactKey: Guid(bb8550cc812721445a0d65845ad2adaa) Importer(815301076,1909f56bfc062723c751e8b465ee728b)
Start importing Assets/UniversalRenderPipelineAsset.asset using Guid(bb8550cc812721445a0d65845ad2adaa) Importer(815301076,1909f56bfc062723c751e8b465ee728b)  -> (artifact id: 'bb618e5aba5f4e3bd5b5e4547c377dd1') in 0.064660 seconds
  Import took 0.077252 seconds .

========================================================================
Received Import Request.
  Time since last request: 0.001174 seconds.
  path: Assets/_TerrainAutoUpgrade/layer_mountain-wallmountain-wall-n3fdc08e766388254.terrainlayer
  artifactKey: Guid(4113db4af49caa943836e7cb9f27a9ae) Importer(815301076,1909f56bfc062723c751e8b465ee728b)
Start importing Assets/_TerrainAutoUpgrade/layer_mountain-wallmountain-wall-n3fdc08e766388254.terrainlayer using Guid(4113db4af49caa943836e7cb9f27a9ae) Importer(815301076,1909f56bfc062723c751e8b465ee728b)  -> (artifact id: '0523a605d3225eae06afa69bdf445295') in 0.121694 seconds
  Import took 0.135448 seconds .

========================================================================
Received Import Request.
  Time since last request: 0.000402 seconds.
  path: Assets/_TerrainAutoUpgrade/layer_grassgrass-nb5ecd127638d378a.terrainlayer
  artifactKey: Guid(9cdc3c2489dae0e42bbf4fba81d3f41a) Importer(815301076,1909f56bfc062723c751e8b465ee728b)
Start importing Assets/_TerrainAutoUpgrade/layer_grassgrass-nb5ecd127638d378a.terrainlayer using Guid(9cdc3c2489dae0e42bbf4fba81d3f41a) Importer(815301076,1909f56bfc062723c751e8b465ee728b)  -> (artifact id: '11df7bd0a8bcea6fead3de3437c929c1') in 0.032388 seconds
  Import took 0.045105 seconds .

========================================================================
Received Import Request.
  Time since last request: 0.000350 seconds.
  path: Assets/_TerrainAutoUpgrade/layer_SandAlbedodirt_na513b4f607ad2805.terrainlayer
  artifactKey: Guid(83c0b61ae8b532c4699c026676e8c658) Importer(815301076,1909f56bfc062723c751e8b465ee728b)
Start importing Assets/_TerrainAutoUpgrade/layer_SandAlbedodirt_na513b4f607ad2805.terrainlayer using Guid(83c0b61ae8b532c4699c026676e8c658) Importer(815301076,1909f56bfc062723c751e8b465ee728b)  -> (artifact id: '04d912aac35a4a599281abcbc0c86786') in 0.028141 seconds
  Import took 0.042836 seconds .

========================================================================
Received Import Request.
  Time since last request: 0.000485 seconds.
  path: Assets/UniversalRenderPipelineAsset_Renderer.asset
  artifactKey: Guid(6a99119665299f0468c8ec577ba2e345) Importer(815301076,1909f56bfc062723c751e8b465ee728b)
Start importing Assets/UniversalRenderPipelineAsset_Renderer.asset using Guid(6a99119665299f0468c8ec577ba2e345) Importer(815301076,1909f56bfc062723c751e8b465ee728b)  -> (artifact id: 'bf131998e368eabd8b50557f6368d453') in 0.012943 seconds
  Import took 0.019968 seconds .

========================================================================
Received Import Request.
  Time since last request: 0.000310 seconds.
  path: Assets/_TerrainAutoUpgrade/layer_dirtdirt_n8141e087eda3d1b0.terrainlayer
  artifactKey: Guid(cf7e8aa34ad3d4144b6e88a9d54619d4) Importer(815301076,1909f56bfc062723c751e8b465ee728b)
Start importing Assets/_TerrainAutoUpgrade/layer_dirtdirt_n8141e087eda3d1b0.terrainlayer using Guid(cf7e8aa34ad3d4144b6e88a9d54619d4) Importer(815301076,1909f56bfc062723c751e8b465ee728b)  -> (artifact id: '0dc04ca6ad354161f9b7bf6df4725ba6') in 0.039309 seconds
  Import took 0.055668 seconds .

========================================================================
Received Prepare
Registering precompiled user dll's ...
Registered in 0.011392 seconds.
Required property 'name' not set (Packages/com.unity.searcher/Tests/Editor/Unity.Searcher.EditorTests.asmdef)

Required property 'name' not set (Packages/com.unity.render-pipelines.universal/Tests/Editor/Unity.RenderPipelines.Universal.Editor.Tests.asmdef)

Required property 'name' not set (Packages/com.unity.render-pipelines.universal/Shaders/Unity.RenderPipelines.Universal.Shaders.asmdef)

Required property 'name' not set (Packages/com.unity.render-pipelines.universal/Runtime/Unity.RenderPipelines.Universal.Runtime.asmdef)

Required property 'name' not set (Packages/com.unity.render-pipelines.core/Tests/Runtime/Unity.RenderPipelines.Core.Runtime.Tests.asmdef)

Required property 'name' not set (Packages/com.unity.searcher/Editor/Unity.Searcher.Editor.asmdef)

Required property 'name' not set (Packages/com.unity.render-pipelines.core/Tests/Editor/Unity.RenderPipelines.Core.Editor.Tests.asmdef)

Required property 'name' not set (Packages/com.unity.mathematics/Tests/Unity.Mathematics.Tests.asmdef)

Required property 'name' not set (Packages/com.unity.shadergraph/Editor/Utilities/Unity.ShaderGraph.Utilities.asmdef)

Required property 'name' not set (Packages/com.unity.render-pipelines.core/Runtime/Unity.RenderPipelines.Core.Runtime.asmdef)

Required property 'name' not set (Packages/com.unity.render-pipelines.core/ShaderLibrary/Unity.RenderPipelines.Core.ShaderLibrary.asmdef)

Required property 'name' not set (Packages/com.unity.mathematics/Unity.Mathematics/Unity.Mathematics.asmdef)

Required property 'name' not set (Packages/com.unity.shadergraph/Editor/Unity.ShaderGraph.Editor.asmdef)

Required property 'name' not set (Packages/com.unity.render-pipelines.universal/Editor/Unity.RenderPipelines.Universal.Editor.asmdef)

Required property 'name' not set (Packages/com.unity.render-pipelines.universal/ShaderLibrary/Unity.RenderPipelines.Universal.ShaderLibrary.asmdef)

Required property 'name' not set (Packages/com.unity.shadergraph/ShaderGraphLibrary/Unity.RenderPipelines.ShaderGraph.ShaderGraphLibrary.asmdef)

Required property 'name' not set (Packages/com.unity.mathematics/Unity.Mathematics.Editor/Unity.Mathematics.Editor.asmdef)

Required property 'name' not set (Packages/com.unity.render-pipelines.universal/Tests/Runtime/Unity.RenderPipelines.Universal.Runtime.Tests.asmdef)

Required property 'name' not set (Packages/com.unity.render-pipelines.core/Editor/Unity.RenderPipelines.Core.Editor.asmdef)

Required property 'name' not set (Packages/com.unity.shadergraph/Tests/Editor/Unity.ShaderGraph.Editor.Tests.asmdef)

Required property 'name' not set (Packages/com.unity.searcher/Tests/Editor/Unity.Searcher.EditorTests.asmdef)

Required property 'name' not set (Packages/com.unity.render-pipelines.universal/Tests/Editor/Unity.RenderPipelines.Universal.Editor.Tests.asmdef)

Required property 'name' not set (Packages/com.unity.render-pipelines.universal/Shaders/Unity.RenderPipelines.Universal.Shaders.asmdef)

Required property 'name' not set (Packages/com.unity.render-pipelines.universal/Runtime/Unity.RenderPipelines.Universal.Runtime.asmdef)

Required property 'name' not set (Packages/com.unity.render-pipelines.core/Tests/Runtime/Unity.RenderPipelines.Core.Runtime.Tests.asmdef)

Required property 'name' not set (Packages/com.unity.searcher/Editor/Unity.Searcher.Editor.asmdef)

Required property 'name' not set (Packages/com.unity.render-pipelines.core/Tests/Editor/Unity.RenderPipelines.Core.Editor.Tests.asmdef)

Required property 'name' not set (Packages/com.unity.mathematics/Tests/Unity.Mathematics.Tests.asmdef)

Required property 'name' not set (Packages/com.unity.shadergraph/Editor/Utilities/Unity.ShaderGraph.Utilities.asmdef)

Required property 'name' not set (Packages/com.unity.render-pipelines.core/Runtime/Unity.RenderPipelines.Core.Runtime.asmdef)

Required property 'name' not set (Packages/com.unity.render-pipelines.core/ShaderLibrary/Unity.RenderPipelines.Core.ShaderLibrary.asmdef)

Required property 'name' not set (Packages/com.unity.mathematics/Unity.Mathematics/Unity.Mathematics.asmdef)

Required property 'name' not set (Packages/com.unity.shadergraph/Editor/Unity.ShaderGraph.Editor.asmdef)

Required property 'name' not set (Packages/com.unity.render-pipelines.universal/Editor/Unity.RenderPipelines.Universal.Editor.asmdef)

Required property 'name' not set (Packages/com.unity.render-pipelines.universal/ShaderLibrary/Unity.RenderPipelines.Universal.ShaderLibrary.asmdef)

Required property 'name' not set (Packages/com.unity.shadergraph/ShaderGraphLibrary/Unity.RenderPipelines.ShaderGraph.ShaderGraphLibrary.asmdef)

Required property 'name' not set (Packages/com.unity.mathematics/Unity.Mathematics.Editor/Unity.Mathematics.Editor.asmdef)

Required property 'name' not set (Packages/com.unity.render-pipelines.universal/Tests/Runtime/Unity.RenderPipelines.Universal.Runtime.Tests.asmdef)

Required property 'name' not set (Packages/com.unity.render-pipelines.core/Editor/Unity.RenderPipelines.Core.Editor.asmdef)

Required property 'name' not set (Packages/com.unity.shadergraph/Tests/Editor/Unity.ShaderGraph.Editor.Tests.asmdef)

Begin MonoManager ReloadAssembly
Native extension for WindowsStandalone target not found
Refreshing native plugins compatible for Editor in 175.29 ms, found 2 plugins.
Preloading 0 native plugins for Editor in 0.00 ms.
Required property 'name' not set (Packages/com.unity.searcher/Tests/Editor/Unity.Searcher.EditorTests.asmdef)

Required property 'name' not set (Packages/com.unity.render-pipelines.universal/Tests/Editor/Unity.RenderPipelines.Universal.Editor.Tests.asmdef)

Required property 'name' not set (Packages/com.unity.render-pipelines.universal/Shaders/Unity.RenderPipelines.Universal.Shaders.asmdef)

Required property 'name' not set (Packages/com.unity.render-pipelines.universal/Runtime/Unity.RenderPipelines.Universal.Runtime.asmdef)

Required property 'name' not set (Packages/com.unity.render-pipelines.core/Tests/Runtime/Unity.RenderPipelines.Core.Runtime.Tests.asmdef)

Required property 'name' not set (Packages/com.unity.searcher/Editor/Unity.Searcher.Editor.asmdef)

Required property 'name' not set (Packages/com.unity.render-pipelines.core/Tests/Editor/Unity.RenderPipelines.Core.Editor.Tests.asmdef)

Required property 'name' not set (Packages/com.unity.mathematics/Tests/Unity.Mathematics.Tests.asmdef)

Required property 'name' not set (Packages/com.unity.shadergraph/Editor/Utilities/Unity.ShaderGraph.Utilities.asmdef)

Required property 'name' not set (Packages/com.unity.render-pipelines.core/Runtime/Unity.RenderPipelines.Core.Runtime.asmdef)

Required property 'name' not set (Packages/com.unity.render-pipelines.core/ShaderLibrary/Unity.RenderPipelines.Core.ShaderLibrary.asmdef)

Required property 'name' not set (Packages/com.unity.mathematics/Unity.Mathematics/Unity.Mathematics.asmdef)

Required property 'name' not set (Packages/com.unity.shadergraph/Editor/Unity.ShaderGraph.Editor.asmdef)

Required property 'name' not set (Packages/com.unity.render-pipelines.universal/Editor/Unity.RenderPipelines.Universal.Editor.asmdef)

Required property 'name' not set (Packages/com.unity.render-pipelines.universal/ShaderLibrary/Unity.RenderPipelines.Universal.ShaderLibrary.asmdef)

Required property 'name' not set (Packages/com.unity.shadergraph/ShaderGraphLibrary/Unity.RenderPipelines.ShaderGraph.ShaderGraphLibrary.asmdef)

Required property 'name' not set (Packages/com.unity.mathematics/Unity.Mathematics.Editor/Unity.Mathematics.Editor.asmdef)

Required property 'name' not set (Packages/com.unity.render-pipelines.universal/Tests/Runtime/Unity.RenderPipelines.Universal.Runtime.Tests.asmdef)

Required property 'name' not set (Packages/com.unity.render-pipelines.core/Editor/Unity.RenderPipelines.Core.Editor.asmdef)

Required property 'name' not set (Packages/com.unity.shadergraph/Tests/Editor/Unity.ShaderGraph.Editor.Tests.asmdef)

Mono: successfully reloaded assembly
- Completed reload, in  2.838 seconds
Platform modules already initialized, skipping
Switching render pipeline 00000000000000000000000000000000 -> bb8550cc812721445a0d65845ad2adaa
Shader 'Universal Render Pipeline/Particles/Lit': fallback shader 'Universal Render Pipeline/Particles/SimpleLit' not found
Refreshing native plugins compatible for Editor in 1.03 ms, found 2 plugins.
Preloading 0 native plugins for Editor in 0.00 ms.
Unloading 2666 Unused Serialized files (Serialized files now loaded: 0)
System memory in use before: 138.7 MB.
System memory in use after: 138.6 MB.

Unloading 363 unused Assets to reduce memory usage. Loaded Objects now: 2900.
Total: 7.008800 ms (FindLiveObjects: 0.533500 ms CreateObjectMapping: 0.131800 ms MarkObjects: 4.623700 ms  DeleteObjects: 1.717300 ms)

AssetImportParameters requested are different than current active one (requested -> active):
  custom:srp/default-pipeline: bb5805cc18721244a5d05648a52ddaaa -> 
  custom:srp/default-shader: 0000e00a000e0de00000e000e0000000 -> 00a0da0d000000000000000000000000
========================================================================
Received Prepare
Registering precompiled user dll's ...
Registered in 0.007080 seconds.
Required property 'name' not set (Packages/com.unity.searcher/Tests/Editor/Unity.Searcher.EditorTests.asmdef)

Required property 'name' not set (Packages/com.unity.render-pipelines.universal/Tests/Editor/Unity.RenderPipelines.Universal.Editor.Tests.asmdef)

Required property 'name' not set (Packages/com.unity.render-pipelines.universal/Shaders/Unity.RenderPipelines.Universal.Shaders.asmdef)

Required property 'name' not set (Packages/com.unity.render-pipelines.universal/Runtime/Unity.RenderPipelines.Universal.Runtime.asmdef)

Required property 'name' not set (Packages/com.unity.render-pipelines.core/Tests/Runtime/Unity.RenderPipelines.Core.Runtime.Tests.asmdef)

Required property 'name' not set (Packages/com.unity.searcher/Editor/Unity.Searcher.Editor.asmdef)

Required property 'name' not set (Packages/com.unity.render-pipelines.core/Tests/Editor/Unity.RenderPipelines.Core.Editor.Tests.asmdef)

Required property 'name' not set (Packages/com.unity.mathematics/Tests/Unity.Mathematics.Tests.asmdef)

Required property 'name' not set (Packages/com.unity.shadergraph/Editor/Utilities/Unity.ShaderGraph.Utilities.asmdef)

Required property 'name' not set (Packages/com.unity.render-pipelines.core/Runtime/Unity.RenderPipelines.Core.Runtime.asmdef)

Required property 'name' not set (Packages/com.unity.render-pipelines.core/ShaderLibrary/Unity.RenderPipelines.Core.ShaderLibrary.asmdef)

Required property 'name' not set (Packages/com.unity.mathematics/Unity.Mathematics/Unity.Mathematics.asmdef)

Required property 'name' not set (Packages/com.unity.shadergraph/Editor/Unity.ShaderGraph.Editor.asmdef)

Required property 'name' not set (Packages/com.unity.render-pipelines.universal/Editor/Unity.RenderPipelines.Universal.Editor.asmdef)

Required property 'name' not set (Packages/com.unity.render-pipelines.universal/ShaderLibrary/Unity.RenderPipelines.Universal.ShaderLibrary.asmdef)

Required property 'name' not set (Packages/com.unity.shadergraph/ShaderGraphLibrary/Unity.RenderPipelines.ShaderGraph.ShaderGraphLibrary.asmdef)

Required property 'name' not set (Packages/com.unity.mathematics/Unity.Mathematics.Editor/Unity.Mathematics.Editor.asmdef)

Required property 'name' not set (Packages/com.unity.render-pipelines.universal/Tests/Runtime/Unity.RenderPipelines.Universal.Runtime.Tests.asmdef)

Required property 'name' not set (Packages/com.unity.render-pipelines.core/Editor/Unity.RenderPipelines.Core.Editor.asmdef)

Required property 'name' not set (Packages/com.unity.shadergraph/Tests/Editor/Unity.ShaderGraph.Editor.Tests.asmdef)

Required property 'name' not set (Packages/com.unity.searcher/Tests/Editor/Unity.Searcher.EditorTests.asmdef)

Required property 'name' not set (Packages/com.unity.render-pipelines.universal/Tests/Editor/Unity.RenderPipelines.Universal.Editor.Tests.asmdef)

Required property 'name' not set (Packages/com.unity.render-pipelines.universal/Shaders/Unity.RenderPipelines.Universal.Shaders.asmdef)

Required property 'name' not set (Packages/com.unity.render-pipelines.universal/Runtime/Unity.RenderPipelines.Universal.Runtime.asmdef)

Required property 'name' not set (Packages/com.unity.render-pipelines.core/Tests/Runtime/Unity.RenderPipelines.Core.Runtime.Tests.asmdef)

Required property 'name' not set (Packages/com.unity.searcher/Editor/Unity.Searcher.Editor.asmdef)

Required property 'name' not set (Packages/com.unity.render-pipelines.core/Tests/Editor/Unity.RenderPipelines.Core.Editor.Tests.asmdef)

Required property 'name' not set (Packages/com.unity.mathematics/Tests/Unity.Mathematics.Tests.asmdef)

Required property 'name' not set (Packages/com.unity.shadergraph/Editor/Utilities/Unity.ShaderGraph.Utilities.asmdef)

Required property 'name' not set (Packages/com.unity.render-pipelines.core/Runtime/Unity.RenderPipelines.Core.Runtime.asmdef)

Required property 'name' not set (Packages/com.unity.render-pipelines.core/ShaderLibrary/Unity.RenderPipelines.Core.ShaderLibrary.asmdef)

Required property 'name' not set (Packages/com.unity.mathematics/Unity.Mathematics/Unity.Mathematics.asmdef)

Required property 'name' not set (Packages/com.unity.shadergraph/Editor/Unity.ShaderGraph.Editor.asmdef)

Required property 'name' not set (Packages/com.unity.render-pipelines.universal/Editor/Unity.RenderPipelines.Universal.Editor.asmdef)

Required property 'name' not set (Packages/com.unity.render-pipelines.universal/ShaderLibrary/Unity.RenderPipelines.Universal.ShaderLibrary.asmdef)

Required property 'name' not set (Packages/com.unity.shadergraph/ShaderGraphLibrary/Unity.RenderPipelines.ShaderGraph.ShaderGraphLibrary.asmdef)

Required property 'name' not set (Packages/com.unity.mathematics/Unity.Mathematics.Editor/Unity.Mathematics.Editor.asmdef)

Required property 'name' not set (Packages/com.unity.render-pipelines.universal/Tests/Runtime/Unity.RenderPipelines.Universal.Runtime.Tests.asmdef)

Required property 'name' not set (Packages/com.unity.render-pipelines.core/Editor/Unity.RenderPipelines.Core.Editor.asmdef)

Required property 'name' not set (Packages/com.unity.shadergraph/Tests/Editor/Unity.ShaderGraph.Editor.Tests.asmdef)

Begin MonoManager ReloadAssembly
Native extension for WindowsStandalone target not found
Refreshing native plugins compatible for Editor in 0.76 ms, found 2 plugins.
Preloading 0 native plugins for Editor in 0.00 ms.
Required property 'name' not set (Packages/com.unity.searcher/Tests/Editor/Unity.Searcher.EditorTests.asmdef)

Required property 'name' not set (Packages/com.unity.render-pipelines.universal/Tests/Editor/Unity.RenderPipelines.Universal.Editor.Tests.asmdef)

Required property 'name' not set (Packages/com.unity.render-pipelines.universal/Shaders/Unity.RenderPipelines.Universal.Shaders.asmdef)

Required property 'name' not set (Packages/com.unity.render-pipelines.universal/Runtime/Unity.RenderPipelines.Universal.Runtime.asmdef)

Required property 'name' not set (Packages/com.unity.render-pipelines.core/Tests/Runtime/Unity.RenderPipelines.Core.Runtime.Tests.asmdef)

Required property 'name' not set (Packages/com.unity.searcher/Editor/Unity.Searcher.Editor.asmdef)

Required property 'name' not set (Packages/com.unity.render-pipelines.core/Tests/Editor/Unity.RenderPipelines.Core.Editor.Tests.asmdef)

Required property 'name' not set (Packages/com.unity.mathematics/Tests/Unity.Mathematics.Tests.asmdef)

Required property 'name' not set (Packages/com.unity.shadergraph/Editor/Utilities/Unity.ShaderGraph.Utilities.asmdef)

Required property 'name' not set (Packages/com.unity.render-pipelines.core/Runtime/Unity.RenderPipelines.Core.Runtime.asmdef)

Required property 'name' not set (Packages/com.unity.render-pipelines.core/ShaderLibrary/Unity.RenderPipelines.Core.ShaderLibrary.asmdef)

Required property 'name' not set (Packages/com.unity.mathematics/Unity.Mathematics/Unity.Mathematics.asmdef)

Required property 'name' not set (Packages/com.unity.shadergraph/Editor/Unity.ShaderGraph.Editor.asmdef)

Required property 'name' not set (Packages/com.unity.render-pipelines.universal/Editor/Unity.RenderPipelines.Universal.Editor.asmdef)

Required property 'name' not set (Packages/com.unity.render-pipelines.universal/ShaderLibrary/Unity.RenderPipelines.Universal.ShaderLibrary.asmdef)

Required property 'name' not set (Packages/com.unity.shadergraph/ShaderGraphLibrary/Unity.RenderPipelines.ShaderGraph.ShaderGraphLibrary.asmdef)

Required property 'name' not set (Packages/com.unity.mathematics/Unity.Mathematics.Editor/Unity.Mathematics.Editor.asmdef)

Required property 'name' not set (Packages/com.unity.render-pipelines.universal/Tests/Runtime/Unity.RenderPipelines.Universal.Runtime.Tests.asmdef)

Required property 'name' not set (Packages/com.unity.render-pipelines.core/Editor/Unity.RenderPipelines.Core.Editor.asmdef)

Required property 'name' not set (Packages/com.unity.shadergraph/Tests/Editor/Unity.ShaderGraph.Editor.Tests.asmdef)

Mono: successfully reloaded assembly
- Completed reload, in  2.177 seconds
Platform modules already initialized, skipping
Shader 'Universal Render Pipeline/Particles/Lit': fallback shader 'Universal Render Pipeline/Particles/SimpleLit' not found
Refreshing native plugins compatible for Editor in 0.74 ms, found 2 plugins.
Preloading 0 native plugins for Editor in 0.00 ms.
Unloading 1467 Unused Serialized files (Serialized files now loaded: 0)
System memory in use before: 109.8 MB.
System memory in use after: 110.1 MB.

Unloading 304 unused Assets to reduce memory usage. Loaded Objects now: 2612.
Total: 4.556300 ms (FindLiveObjects: 0.854700 ms CreateObjectMapping: 0.124100 ms MarkObjects: 3.276000 ms  DeleteObjects: 0.298900 ms)

========================================================================
Received Import Request.
  Time since last request: 177.117673 seconds.
  path: Assets/ArtisticMechanics/race-track-lake/Materials/asphalt-dirt.mat
  artifactKey: Guid(75bb12a2ff3cdca4c8cbbea8f725e301) Importer(815301076,1909f56bfc062723c751e8b465ee728b)
Start importing Assets/ArtisticMechanics/race-track-lake/Materials/asphalt-dirt.mat using Guid(75bb12a2ff3cdca4c8cbbea8f725e301) Importer(815301076,1909f56bfc062723c751e8b465ee728b)  -> (artifact id: '1ce81bef5938d8ad518a2ce1b16f6795') in 0.244408 seconds
  Import took 0.252053 seconds .

========================================================================
Received Import Request.
  Time since last request: 0.000363 seconds.
  path: Assets/ArtisticMechanics/race-track-lake/Materials/metal-pole.mat
  artifactKey: Guid(d3acf595139593a4fbc76c9e2a96aca9) Importer(815301076,1909f56bfc062723c751e8b465ee728b)
Start importing Assets/ArtisticMechanics/race-track-lake/Materials/metal-pole.mat using Guid(d3acf595139593a4fbc76c9e2a96aca9) Importer(815301076,1909f56bfc062723c751e8b465ee728b)  -> (artifact id: '5b7ac94b8bd4aafec50d70f809590cb1') in 0.024186 seconds
  Import took 0.033660 seconds .

========================================================================
Received Import Request.
  Time since last request: 0.000347 seconds.
  path: Assets/ArtisticMechanics/race-track-lake/Materials/concrete-floor.mat
  artifactKey: Guid(a2c849fd9cc9a6a40b82ab7835966629) Importer(815301076,1909f56bfc062723c751e8b465ee728b)
Start importing Assets/ArtisticMechanics/race-track-lake/Materials/concrete-floor.mat using Guid(a2c849fd9cc9a6a40b82ab7835966629) Importer(815301076,1909f56bfc062723c751e8b465ee728b)  -> (artifact id: '10972145e293b5f13df487795ef3e85f') in 0.074076 seconds
  Import took 0.082104 seconds .

========================================================================
Received Import Request.
  Time since last request: 0.000412 seconds.
  path: Assets/ArtisticMechanics/race-track-lake/Materials/dirt.mat
  artifactKey: Guid(bb9cd8c80ba2bfa4ea07b6d954833f7d) Importer(815301076,1909f56bfc062723c751e8b465ee728b)
Start importing Assets/ArtisticMechanics/race-track-lake/Materials/dirt.mat using Guid(bb9cd8c80ba2bfa4ea07b6d954833f7d) Importer(815301076,1909f56bfc062723c751e8b465ee728b)  -> (artifact id: '555ca4a9a1aa52ed867490ba26501f3a') in 0.027352 seconds
  Import took 0.036355 seconds .

========================================================================
Received Import Request.
  Time since last request: 0.000357 seconds.
  path: Assets/ArtisticMechanics/race-track-lake/Materials/bridge_wall.mat
  artifactKey: Guid(7b7f6a2af2ed23145b22c6243d2c4a59) Importer(815301076,1909f56bfc062723c751e8b465ee728b)
Start importing Assets/ArtisticMechanics/race-track-lake/Materials/bridge_wall.mat using Guid(7b7f6a2af2ed23145b22c6243d2c4a59) Importer(815301076,1909f56bfc062723c751e8b465ee728b)  -> (artifact id: '6642d1eb008e35c115cc2fff9f8aa774') in 0.033891 seconds
  Import took 0.044102 seconds .

========================================================================
Received Import Request.
  Time since last request: 0.000813 seconds.
  path: Assets/ArtisticMechanics/race-track-lake/Materials/cable-black.mat
  artifactKey: Guid(d2ca2cdd71d6d1c4ba1373f41eccfa6c) Importer(815301076,1909f56bfc062723c751e8b465ee728b)
Start importing Assets/ArtisticMechanics/race-track-lake/Materials/cable-black.mat using Guid(d2ca2cdd71d6d1c4ba1373f41eccfa6c) Importer(815301076,1909f56bfc062723c751e8b465ee728b)  -> (artifact id: '450725f2cfb8788b8d01796b399b9198') in 0.156412 seconds
  Import took 0.166894 seconds .

========================================================================
Received Import Request.
  Time since last request: 0.000316 seconds.
  path: Assets/ArtisticMechanics/race-track-lake/Materials/mountain-wall.mat
  artifactKey: Guid(40592828bad3d14458266cc4adc0a51d) Importer(815301076,1909f56bfc062723c751e8b465ee728b)
Start importing Assets/ArtisticMechanics/race-track-lake/Materials/mountain-wall.mat using Guid(40592828bad3d14458266cc4adc0a51d) Importer(815301076,1909f56bfc062723c751e8b465ee728b)  -> (artifact id: '730e6b8227ab41d4554b68f80a61b165') in 0.034792 seconds
  Import took 0.044273 seconds .

========================================================================
Received Import Request.
  Time since last request: 0.000768 seconds.
  path: Assets/ArtisticMechanics/race-track-lake/Materials/asphalt.mat
  artifactKey: Guid(669bf11319234864085e7b9b5678fba6) Importer(815301076,1909f56bfc062723c751e8b465ee728b)
Start importing Assets/ArtisticMechanics/race-track-lake/Materials/asphalt.mat using Guid(669bf11319234864085e7b9b5678fba6) Importer(815301076,1909f56bfc062723c751e8b465ee728b)  -> (artifact id: '6cb5412ba7daacedce225e593e70f793') in 0.042149 seconds
  Import took 0.054887 seconds .

========================================================================
Received Import Request.
  Time since last request: 0.000427 seconds.
  path: Assets/ArtisticMechanics/race-track-lake/Materials/metal_pole_sign.mat
  artifactKey: Guid(e8336ab7a3844f241994a4c4589fb2ef) Importer(815301076,1909f56bfc062723c751e8b465ee728b)
Start importing Assets/ArtisticMechanics/race-track-lake/Materials/metal_pole_sign.mat using Guid(e8336ab7a3844f241994a4c4589fb2ef) Importer(815301076,1909f56bfc062723c751e8b465ee728b)  -> (artifact id: 'eac0efa6c4f7087f6b40fe97a703abd6') in 0.025269 seconds
  Import took 0.035511 seconds .

========================================================================
Received Import Request.
  Time since last request: 0.000988 seconds.
  path: Assets/ArtisticMechanics/race-track-lake/Materials/stripes.mat
  artifactKey: Guid(0e3c60e3eeda4434dae44659dd0e7698) Importer(815301076,1909f56bfc062723c751e8b465ee728b)
Start importing Assets/ArtisticMechanics/race-track-lake/Materials/stripes.mat using Guid(0e3c60e3eeda4434dae44659dd0e7698) Importer(815301076,1909f56bfc062723c751e8b465ee728b)  -> (artifact id: '100273456274eed02189cceb93a25996') in 0.033560 seconds
  Import took 0.044046 seconds .

========================================================================
Received Import Request.
  Time since last request: 0.000418 seconds.
  path: Assets/ArtisticMechanics/race-track-lake/Materials/tire.mat
  artifactKey: Guid(ddeb9c868b38ca649aa1b203cf3cf534) Importer(815301076,1909f56bfc062723c751e8b465ee728b)
Start importing Assets/ArtisticMechanics/race-track-lake/Materials/tire.mat using Guid(ddeb9c868b38ca649aa1b203cf3cf534) Importer(815301076,1909f56bfc062723c751e8b465ee728b)  -> (artifact id: '0119d6cdcda6ea8477a7042698501c66') in 0.038583 seconds
  Import took 0.048340 seconds .

========================================================================
Received Import Request.
  Time since last request: 0.000360 seconds.
  path: Assets/ArtisticMechanics/race-track-lake/Materials/stripes.mat
  artifactKey: Guid(0e3c60e3eeda4434dae44659dd0e7698) Importer(815301076,1909f56bfc062723c751e8b465ee728b)
Start importing Assets/ArtisticMechanics/race-track-lake/Materials/stripes.mat using Guid(0e3c60e3eeda4434dae44659dd0e7698) Importer(815301076,1909f56bfc062723c751e8b465ee728b)  -> (artifact id: '100273456274eed02189cceb93a25996') in 0.027640 seconds
  Import took 0.038198 seconds .

========================================================================
Received Import Request.
  Time since last request: 0.000267 seconds.
  path: Assets/ArtisticMechanics/race-track-lake/Materials/tire.mat
  artifactKey: Guid(ddeb9c868b38ca649aa1b203cf3cf534) Importer(815301076,1909f56bfc062723c751e8b465ee728b)
Start importing Assets/ArtisticMechanics/race-track-lake/Materials/tire.mat using Guid(ddeb9c868b38ca649aa1b203cf3cf534) Importer(815301076,1909f56bfc062723c751e8b465ee728b)  -> (artifact id: '0119d6cdcda6ea8477a7042698501c66') in 0.033981 seconds
  Import took 0.041262 seconds .

========================================================================
Received Import Request.
  Time since last request: 93.522874 seconds.
  path: Assets/Scenes
  artifactKey: Guid(37d1836bbb2f0ca4db9dfc0d65c1d498) Importer(815301076,1909f56bfc062723c751e8b465ee728b)
Start importing Assets/Scenes using Guid(37d1836bbb2f0ca4db9dfc0d65c1d498) Importer(815301076,1909f56bfc062723c751e8b465ee728b)  -> (artifact id: '84ebca0d68d0d05abfb934d4967f1c36') in 0.005860 seconds
  Import took 0.015259 seconds .

========================================================================
Received Import Request.
  Time since last request: 0.009162 seconds.
  path: Assets/Scenes
  artifactKey: Guid(37d1836bbb2f0ca4db9dfc0d65c1d498) Importer(815301076,1909f56bfc062723c751e8b465ee728b)
Start importing Assets/Scenes using Guid(37d1836bbb2f0ca4db9dfc0d65c1d498) Importer(815301076,1909f56bfc062723c751e8b465ee728b)  -> (artifact id: '84ebca0d68d0d05abfb934d4967f1c36') in 0.004757 seconds
  Import took 0.012473 seconds .

========================================================================
Received Prepare
Registering precompiled user dll's ...
Registered in 0.008356 seconds.
Begin MonoManager ReloadAssembly
Native extension for WindowsStandalone target not found
Refreshing native plugins compatible for Editor in 130.32 ms, found 2 plugins.
Preloading 0 native plugins for Editor in 0.00 ms.
Mono: successfully reloaded assembly
- Completed reload, in  2.437 seconds
Platform modules already initialized, skipping
Shader 'Universal Render Pipeline/Particles/Lit': fallback shader 'Universal Render Pipeline/Particles/SimpleLit' not found
Refreshing native plugins compatible for Editor in 1.11 ms, found 2 plugins.
Preloading 0 native plugins for Editor in 0.00 ms.
Unloading 2666 Unused Serialized files (Serialized files now loaded: 0)
System memory in use before: 136.8 MB.
System memory in use after: 137.0 MB.

Unloading 14 unused Assets to reduce memory usage. Loaded Objects now: 3245.
Total: 5.689600 ms (FindLiveObjects: 0.481700 ms CreateObjectMapping: 0.165700 ms MarkObjects: 5.006400 ms  DeleteObjects: 0.033800 ms)

========================================================================
Received Import Request.
  Time since last request: 149.297286 seconds.
  path: Assets/UniversalRenderPipelineAsset_Renderer.asset
  artifactKey: Guid(6a99119665299f0468c8ec577ba2e345) Importer(815301076,1909f56bfc062723c751e8b465ee728b)
Start importing Assets/UniversalRenderPipelineAsset_Renderer.asset using Guid(6a99119665299f0468c8ec577ba2e345) Importer(815301076,1909f56bfc062723c751e8b465ee728b)  -> (artifact id: '7d21459fe1df35b6f9cbe26a8b9b51d0') in 0.083978 seconds
  Import took 0.098018 seconds .

========================================================================
Received Prepare
Switching render pipeline 00000000000000000000000000000000 -> bb8550cc812721445a0d65845ad2adaa
Shader 'Universal Render Pipeline/Particles/Lit': fallback shader 'Universal Render Pipeline/Particles/SimpleLit' not found
Refreshing native plugins compatible for Editor in 10.21 ms, found 2 plugins.
Preloading 0 native plugins for Editor in 0.00 ms.
Unloading 60 Unused Serialized files (Serialized files now loaded: 0)
System memory in use before: 89.0 MB.
System memory in use after: 89.2 MB.

Unloading 12 unused Assets to reduce memory usage. Loaded Objects now: 3293.
Total: 8.839600 ms (FindLiveObjects: 0.606200 ms CreateObjectMapping: 0.250700 ms MarkObjects: 7.924700 ms  DeleteObjects: 0.055100 ms)

AssetImportParameters requested are different than current active one (requested -> active):
  custom:srp/default-shader: 00a0da0d000000000000000000000000 -> 0000e00a000e0de00000e000e0000000
========================================================================
Received Import Request.
  Time since last request: 56.725652 seconds.
  path: Assets/UniversalRenderPipelineAsset_Renderer.asset
  artifactKey: Guid(6a99119665299f0468c8ec577ba2e345) Importer(815301076,1909f56bfc062723c751e8b465ee728b)
Start importing Assets/UniversalRenderPipelineAsset_Renderer.asset using Guid(6a99119665299f0468c8ec577ba2e345) Importer(815301076,1909f56bfc062723c751e8b465ee728b)  -> (artifact id: '4c236d99ae444ee50d5c118e94e25d78') in 0.008861 seconds
  Import took 0.017274 seconds .

========================================================================
Received Prepare
Registering precompiled user dll's ...
Registered in 0.008675 seconds.
Begin MonoManager ReloadAssembly
Native extension for WindowsStandalone target not found
Refreshing native plugins compatible for Editor in 1.19 ms, found 2 plugins.
Preloading 0 native plugins for Editor in 0.00 ms.
Mono: successfully reloaded assembly
- Completed reload, in  2.336 seconds
Platform modules already initialized, skipping
Shader 'Universal Render Pipeline/Particles/Lit': fallback shader 'Universal Render Pipeline/Particles/SimpleLit' not found
Refreshing native plugins compatible for Editor in 1.53 ms, found 2 plugins.
Preloading 0 native plugins for Editor in 0.00 ms.
Unloading 2666 Unused Serialized files (Serialized files now loaded: 0)
System memory in use before: 139.9 MB.
System memory in use after: 140.1 MB.

Unloading 14 unused Assets to reduce memory usage. Loaded Objects now: 3296.
Total: 6.860000 ms (FindLiveObjects: 0.606800 ms CreateObjectMapping: 0.254400 ms MarkObjects: 5.930200 ms  DeleteObjects: 0.065700 ms)

========================================================================
Received Import Request.
  Time since last request: 99.527158 seconds.
  path: Assets/ArtisticMechanics/Brat
  artifactKey: Guid(850cacaf55943ca4aa62aeecdfe65672) Importer(815301076,1909f56bfc062723c751e8b465ee728b)
Start importing Assets/ArtisticMechanics/Brat using Guid(850cacaf55943ca4aa62aeecdfe65672) Importer(815301076,1909f56bfc062723c751e8b465ee728b)  -> (artifact id: '6d0c1b3f5b304b9f9376a85b498a4cd9') in 0.015543 seconds
  Import took 0.027463 seconds .

========================================================================
Received Import Request.
  Time since last request: 4.134723 seconds.
  path: Assets/ArtisticMechanics/race-track-lake/Models
  artifactKey: Guid(9faca9d495e0e5c40a0ac102deafa98b) Importer(815301076,1909f56bfc062723c751e8b465ee728b)
Start importing Assets/ArtisticMechanics/race-track-lake/Models using Guid(9faca9d495e0e5c40a0ac102deafa98b) Importer(815301076,1909f56bfc062723c751e8b465ee728b)  -> (artifact id: '367870b4019056d98dd32a53bcc10b73') in 0.006539 seconds
  Import took 0.019655 seconds .

========================================================================
Received Import Request.
  Time since last request: 0.014448 seconds.
  path: Assets/ArtisticMechanics/race-track-lake/Models/electrical-towers.FBX
  artifactKey: Guid(28076010641c5a64594a63a738cfef62) Importer(815301076,1909f56bfc062723c751e8b465ee728b)
Start importing Assets/ArtisticMechanics/race-track-lake/Models/electrical-towers.FBX using Guid(28076010641c5a64594a63a738cfef62) Importer(815301076,1909f56bfc062723c751e8b465ee728b)  -> (artifact id: '4080254bd59ac7e668eba045a51d8466') in 0.562371 seconds
  Import took 0.570298 seconds .

========================================================================
Received Import Request.
  Time since last request: 0.000293 seconds.
  path: Assets/ArtisticMechanics/race-track-lake/Models/rocks-mountain-1.FBX
  artifactKey: Guid(c573322a16271b742bc446c82a9bded7) Importer(815301076,1909f56bfc062723c751e8b465ee728b)
Start importing Assets/ArtisticMechanics/race-track-lake/Models/rocks-mountain-1.FBX using Guid(c573322a16271b742bc446c82a9bded7) Importer(815301076,1909f56bfc062723c751e8b465ee728b)  -> (artifact id: 'dd90fa0b54ef64a0016a637e81811a38') in 0.070489 seconds
  Import took 0.085598 seconds .

========================================================================
Received Import Request.
  Time since last request: 0.000351 seconds.
  path: Assets/ArtisticMechanics/race-track-lake/Models/tire.FBX
  artifactKey: Guid(c92bea14e5c4591408be760558da7b90) Importer(815301076,1909f56bfc062723c751e8b465ee728b)
Start importing Assets/ArtisticMechanics/race-track-lake/Models/tire.FBX using Guid(c92bea14e5c4591408be760558da7b90) Importer(815301076,1909f56bfc062723c751e8b465ee728b)  -> (artifact id: 'a7640bb3016d708d112553ceb31f24c0') in 0.053917 seconds
  Import took 0.065437 seconds .

========================================================================
Received Import Request.
  Time since last request: 0.000322 seconds.
  path: Assets/ArtisticMechanics/race-track-lake/Models/race-track.FBX
  artifactKey: Guid(853554035d67ed8458014b199fd7d9d9) Importer(815301076,1909f56bfc062723c751e8b465ee728b)
Start importing Assets/ArtisticMechanics/race-track-lake/Models/race-track.FBX using Guid(853554035d67ed8458014b199fd7d9d9) Importer(815301076,1909f56bfc062723c751e8b465ee728b)  -> (artifact id: '863383401458e32bc63ef4ace8008d20') in 0.247022 seconds
  Import took 0.262373 seconds .

========================================================================
Received Import Request.
  Time since last request: 0.000432 seconds.
  path: Assets/ArtisticMechanics/race-track-lake/Models/road-signs.FBX
  artifactKey: Guid(87403507033f0034eab7ba172e32535d) Importer(815301076,1909f56bfc062723c751e8b465ee728b)
Start importing Assets/ArtisticMechanics/race-track-lake/Models/road-signs.FBX using Guid(87403507033f0034eab7ba172e32535d) Importer(815301076,1909f56bfc062723c751e8b465ee728b)  -> (artifact id: 'fc5c491fb083ae34383187b2d9508f83') in 0.041463 seconds
  Import took 0.051253 seconds .

========================================================================
Received Import Request.
  Time since last request: 0.000531 seconds.
  path: Assets/ArtisticMechanics/race-track-lake/Models/rocks-mountain-2.FBX
  artifactKey: Guid(11786ea4822f6214397607504b10357d) Importer(815301076,1909f56bfc062723c751e8b465ee728b)
Start importing Assets/ArtisticMechanics/race-track-lake/Models/rocks-mountain-2.FBX using Guid(11786ea4822f6214397607504b10357d) Importer(815301076,1909f56bfc062723c751e8b465ee728b)  -> (artifact id: '82b5e6824230e7ee2fd0a94e9b5d3a9b') in 0.043314 seconds
  Import took 0.053130 seconds .

========================================================================
Received Import Request.
  Time since last request: 0.000591 seconds.
  path: Assets/ArtisticMechanics/race-track-lake/Models/LakeTerrain.asset
  artifactKey: Guid(4b8644c26c3eb2f4b99babbc1e5cce0e) Importer(815301076,1909f56bfc062723c751e8b465ee728b)
Start importing Assets/ArtisticMechanics/race-track-lake/Models/LakeTerrain.asset using Guid(4b8644c26c3eb2f4b99babbc1e5cce0e) Importer(815301076,1909f56bfc062723c751e8b465ee728b)  -> (artifact id: '581fd8ec9bdb9c28e44771c040be45d7') in 0.072005 seconds
  Import took 0.084956 seconds .

========================================================================
Received Prepare
Registering precompiled user dll's ...
Registered in 0.020098 seconds.
Begin MonoManager ReloadAssembly
Native extension for WindowsStandalone target not found
Refreshing native plugins compatible for Editor in 1.26 ms, found 2 plugins.
Preloading 0 native plugins for Editor in 0.00 ms.
Mono: successfully reloaded assembly
- Completed reload, in  1.564 seconds
Platform modules already initialized, skipping
Shader 'Universal Render Pipeline/Particles/Lit': fallback shader 'Universal Render Pipeline/Particles/SimpleLit' not found
Refreshing native plugins compatible for Editor in 1.04 ms, found 2 plugins.
Preloading 0 native plugins for Editor in 0.00 ms.
Unloading 2672 Unused Serialized files (Serialized files now loaded: 0)
System memory in use before: 144.2 MB.
System memory in use after: 144.5 MB.

Unloading 15 unused Assets to reduce memory usage. Loaded Objects now: 3348.
Total: 7.692700 ms (FindLiveObjects: 0.871200 ms CreateObjectMapping: 0.191500 ms MarkObjects: 6.491000 ms  DeleteObjects: 0.136600 ms)

========================================================================
Received Prepare
Registering precompiled user dll's ...
Registered in 0.003278 seconds.
Begin MonoManager ReloadAssembly
Native extension for WindowsStandalone target not found
Refreshing native plugins compatible for Editor in 0.67 ms, found 2 plugins.
Preloading 0 native plugins for Editor in 0.00 ms.
Mono: successfully reloaded assembly
- Completed reload, in  0.868 seconds
Platform modules already initialized, skipping
Shader 'Universal Render Pipeline/Particles/Lit': fallback shader 'Universal Render Pipeline/Particles/SimpleLit' not found
Refreshing native plugins compatible for Editor in 0.91 ms, found 2 plugins.
Preloading 0 native plugins for Editor in 0.00 ms.
Unloading 2666 Unused Serialized files (Serialized files now loaded: 0)
System memory in use before: 143.7 MB.
System memory in use after: 144.0 MB.

Unloading 14 unused Assets to reduce memory usage. Loaded Objects now: 3351.
Total: 4.249100 ms (FindLiveObjects: 0.405300 ms CreateObjectMapping: 0.112400 ms MarkObjects: 3.694400 ms  DeleteObjects: 0.035600 ms)

========================================================================
Received Import Request.
  Time since last request: 3940.551773 seconds.
  path: Assets/ArtisticMechanics/race-track-lake/Standard Assets/Environment/SpeedTree/Conifer/Conifer_Desktop.spm
  artifactKey: Guid(469edab27ab6d004d84af2c4a851bd7f) Importer(815301076,1909f56bfc062723c751e8b465ee728b)
Start importing Assets/ArtisticMechanics/race-track-lake/Standard Assets/Environment/SpeedTree/Conifer/Conifer_Desktop.spm using Guid(469edab27ab6d004d84af2c4a851bd7f) Importer(815301076,1909f56bfc062723c751e8b465ee728b)  -> (artifact id: '38bbe7986c14b1b441f6a8767d17af09') in 0.314372 seconds
  Import took 0.320089 seconds .

========================================================================
Received Prepare
Registering precompiled user dll's ...
Registered in 0.003223 seconds.
Begin MonoManager ReloadAssembly
Native extension for WindowsStandalone target not found
Refreshing native plugins compatible for Editor in 0.51 ms, found 2 plugins.
Preloading 0 native plugins for Editor in 0.00 ms.
Mono: successfully reloaded assembly
- Completed reload, in  0.926 seconds
Platform modules already initialized, skipping
Shader 'Universal Render Pipeline/Particles/Lit': fallback shader 'Universal Render Pipeline/Particles/SimpleLit' not found
Refreshing native plugins compatible for Editor in 0.84 ms, found 2 plugins.
Preloading 0 native plugins for Editor in 0.00 ms.
Unloading 2666 Unused Serialized files (Serialized files now loaded: 0)
System memory in use before: 144.0 MB.
System memory in use after: 144.2 MB.

Unloading 14 unused Assets to reduce memory usage. Loaded Objects now: 3391.
Total: 3.847800 ms (FindLiveObjects: 0.388000 ms CreateObjectMapping: 0.126900 ms MarkObjects: 3.296300 ms  DeleteObjects: 0.034800 ms)

AssetImportWorkerClient::OnTransportError - code=2 error=End of file
